Creating barber 1
Creating barber 2
Creating barber 3
Creating customer 1
Creating customer 2
Creating customer 3
Customer 2 is alive 
Customer 1 is alive 
Customer 2 tries to enter the shop
Customer 1 tries to enter the shop
Customer 2 tries to sit
Customer 1 tries to sit
Customer 2 sits on sofa
Customer 3 is alive 
Customer 2 tries to get a barber for an haircut
Customer 1 sits on sofa
Customer 3 tries to enter the shop
Customer 1 tries to get a barber for an haircut
Customer 3 tries to sit
Customer 3 sits on sofa
Customer 3 tries to get a barber for an haircut
Customer 2 will be served by Barber 1
Customer 2 tries to get an haircut
Customer 1 will be served by Barber 2
Customer 1 tries to get an haircut
Barber 2 is cutting Customer 1 s hairs.
Barber 1 is cutting Customer 2 s hairs.
Customer 3 will be served by Barber 3
Customer 3 tries to get an haircut
Barber 3 is cutting Customer 3 s hairs.
Customer 3 got an haircut
Customer 1 got an haircut
Customer 1 tries to get a barber to pay
Customer 2 got an haircut
Customer 2 tries to get a barber to pay
Customer 3 tries to get a barber to pay
Customer 1 will be served by Barber 3
Customer 2 will be served by Barber 2
Customer 1 is paying Barber 3
Customer 3 will be served by Barber 1
Customer 1 leaves the shop
Customer 1 is alive 
Customer 1 tries to enter the shop
Customer 2 is paying Barber 2
Customer 1 tries to sit
Customer 1 sits on sofa
Customer 1 tries to get a barber for an haircut
Customer 1 will be served by Barber 3
Customer 1 tries to get an haircut
Barber 3 is cutting Customer 1 s hairs.
Customer 2 leaves the shop
Customer 3 is paying Barber 1
Customer 2 is alive 
Customer 2 tries to enter the shop
Customer 2 tries to sit
Customer 2 sits on sofa
Customer 2 tries to get a barber for an haircut
Customer 1 got an haircut
Customer 1 tries to get a barber to pay
Customer 2 will be served by Barber 2
Customer 2 tries to get an haircut
Barber 2 is cutting Customer 2 s hairs.
Customer 1 will be served by Barber 3
Customer 3 leaves the shop
Customer 1 is paying Barber 3
Customer 3 is alive 
Customer 3 tries to enter the shop
Customer 3 tries to sit
Customer 3 sits on sofa
Customer 3 tries to get a barber for an haircut
Customer 3 will be served by Barber 1
Customer 3 tries to get an haircut
Customer 2 got an haircut
Customer 2 tries to get a barber to pay
Barber 1 is cutting Customer 3 s hairs.
Customer 2 will be served by Barber 2
Customer 1 leaves the shop
Customer 2 is paying Barber 2
Customer 3 got an haircut
Customer 3 tries to get a barber to pay
Customer 3 will be served by Barber 3
Customer 2 leaves the shop
Customer 3 is paying Barber 3
Customer 3 leaves the shop
